#
# A fatal error has been detected by the Java Runtime Environment:
#
#  EXCEPTION_ACCESS_VIOLATION (0xc0000005) at pc=0x0000000060d6802f, pid=9276, tid=13876
#
# JRE version: Java(TM) SE Runtime Environment (9.0+11) (build 9.0.1+11)
# Java VM: Java HotSpot(TM) 64-Bit Server VM (9.0.1+11, mixed mode, tiered, compressed oops, g1 gc, windows-amd64)
# Problematic frame:
# V  [jvm.dll+0x54802f]
#
# No core dump will be written. Minidumps are not enabled by default on client versions of Windows
#
# If you would like to submit a bug report, please visit:
#   http://bugreport.java.com/bugreport/crash.jsp
#

---------------  S U M M A R Y ------------

Command Line: -agentlib:jdwp=transport=dt_socket,suspend=y,address=localhost:61226 -Dfile.encoding=UTF-8 chess.ChessBoard

Host: Intel(R) Core(TM) i7-6700HQ CPU @ 2.60GHz, 8 cores, 7G,  Windows 10 , 64 bit Build 17134 (10.0.17134.1)
Time: Wed Nov 21 22:55:40 2018 ¢¥eCN©öI¡¾©ö C¡ÍA¨ª¨öA elapsed time: 339 seconds (0d 0h 5m 39s)

---------------  T H R E A D  ---------------

Current thread (0x000001a262889800):  VMThread "VM Thread" [stack: 0x0000003935600000,0x0000003935700000] [id=13876]

Stack: [0x0000003935600000,0x0000003935700000],  sp=0x00000039356ff780,  free space=1021k
Native frames: (J=compiled Java code, j=interpreted, Vv=VM code, C=native code)
V  [jvm.dll+0x54802f]
V  [jvm.dll+0x4658ca]
V  [jvm.dll+0x466497]
V  [jvm.dll+0x6a34eb]
V  [jvm.dll+0x6a1c85]
V  [jvm.dll+0x6a2461]
V  [jvm.dll+0x6a274c]
V  [jvm.dll+0x5864e0]
C  [msvcr120.dll+0x24f7f]
C  [msvcr120.dll+0x25126]
C  [KERNEL32.DLL+0x13034]
C  [ntdll.dll+0x71471]


siginfo: EXCEPTION_ACCESS_VIOLATION (0xc0000005), reading address 0xffffffffffffffff


Register to memory mapping:

RIP=0x0000000060d6802f jvm.dll
RAX=0xca0001a2623b2758 is an unknown value
RBX=0x000001a262889800 is an unknown value
RCX=0x00000000000001e7 is an unknown value
RDX={method} {0x000001a2623b1fa8} 'main' '([Ljava/lang/String;)V' in 'chess/ChessBoard'
RSP=0x00000039356ff780 is an unknown value
RBP=0x000001a25f6c1430 is an unknown value
RSI={method} {0x000001a2623b1fa8} 'main' '([Ljava/lang/String;)V' in 'chess/ChessBoard'
RDI={method} {0x000001a2623b1fa8} 'main' '([Ljava/lang/String;)V' in 'chess/ChessBoard'
R8 =0x0000000000000003 is an unknown value
R9 =0x00000000000001e7 is an unknown value
R10=0x0000000000000000 is an unknown value
R11={method} {0x000001a2623b1fa8} 'main' '([Ljava/lang/String;)V' in 'chess/ChessBoard'
R12=0x00000039356ff8c0 is an unknown value
R13=0x000001a2627b3260 is an unknown value
R14=0x000001a2423fc460 is an unknown value
R15=0x000000010008b428 is pointing into metadata


Registers:
RAX=0xca0001a2623b2758, RBX=0x000001a262889800, RCX=0x00000000000001e7, RDX=0x000001a2623b1fa0
RSP=0x00000039356ff780, RBP=0x000001a25f6c1430, RSI=0x000001a2623b1fa0, RDI=0x000001a2623b1fa0
R8 =0x0000000000000003, R9 =0x00000000000001e7, R10=0x0000000000000000, R11=0x000001a2623b1fa0
R12=0x00000039356ff8c0, R13=0x000001a2627b3260, R14=0x000001a2423fc460, R15=0x000000010008b428
RIP=0x0000000060d6802f, EFLAGS=0x0000000000010282

Top of Stack: (sp=0x00000039356ff780)
0x00000039356ff780:   0000000000000000 0000000000000000
0x00000039356ff790:   0000000000000000 0000000000000000
0x00000039356ff7a0:   0000000000000000 000001a262889800
0x00000039356ff7b0:   000001a2624c8230 000001a262889800
0x00000039356ff7c0:   000001a262889800 000001a25f6c14f0
0x00000039356ff7d0:   000001a2623b1fa0 0000000060d680fd
0x00000039356ff7e0:   000001a242439c68 00000000000000d8
0x00000039356ff7f0:   00000039356ffa30 00007ff8d61fc9f5
0x00000039356ff800:   000001a2423fc848 0000000060c858ca
0x00000039356ff810:   000001a2423fc470 000001a2623b1fa0
0x00000039356ff820:   000001a262cac280 00000039361ff550
0x00000039356ff830:   00000000000003d8 000001a2627b57e8
0x00000039356ff840:   000001a2423f3908 0000000000000000
0x00000039356ff850:   0000000000000000 000001a25f6c1400
0x00000039356ff860:   00000039361ff550 000001a262cac280
0x00000039356ff870:   000001a262cdbc10 000001a2423fc470 

Instructions: (pc=0x0000000060d6802f)
0x0000000060d6800f:   08 00 74 0c 48 8b cb e8 65 df d4 ff 33 c0 eb 04
0x0000000060d6801f:   48 8b 47 18 48 83 7b 08 00 75 09 48 85 c0 74 04
0x0000000060d6802f:   66 ff 40 0e ff 05 3b e5 42 00 48 8d 4c 24 40 48
0x0000000060d6803f:   8b d3 e8 3a 5e dc ff 48 89 7c 24 20 48 89 5c 24 


VM_Operation (0x00000039361ff4e0): ChangeBreakpoints, mode: safepoint, requested by thread 0x000001a262cb7000


---------------  P R O C E S S  ---------------

Java Threads: ( => current thread )
  0x000001a262ccb800 JavaThread "Service Thread" daemon [_thread_blocked, id=11256, stack(0x0000003936400000,0x0000003936500000)]
  0x000001a262cc1000 JavaThread "JDWP Command Reader" daemon [_thread_in_native, id=13016, stack(0x0000003936300000,0x0000003936400000)]
  0x000001a262cb8800 JavaThread "JDWP Event Helper Thread" daemon [_thread_blocked, id=13332, stack(0x0000003936200000,0x0000003936300000)]
  0x000001a262cb7000 JavaThread "JDWP Transport Listener: dt_socket" daemon [_thread_blocked, id=7540, stack(0x0000003936100000,0x0000003936200000)]
  0x000001a2629a8800 JavaThread "Common-Cleaner" daemon [_thread_blocked, id=11320, stack(0x0000003936000000,0x0000003936100000)]
  0x000001a262946800 JavaThread "Sweeper thread" daemon [_thread_blocked, id=7988, stack(0x0000003935f00000,0x0000003936000000)]
  0x000001a262935800 JavaThread "C1 CompilerThread3" daemon [_thread_blocked, id=11620, stack(0x0000003935e00000,0x0000003935f00000)]
  0x000001a262931000 JavaThread "C2 CompilerThread2" daemon [_thread_blocked, id=5336, stack(0x0000003935d00000,0x0000003935e00000)]
  0x000001a262923800 JavaThread "C2 CompilerThread1" daemon [_thread_blocked, id=14736, stack(0x0000003935c00000,0x0000003935d00000)]
  0x000001a262923000 JavaThread "C2 CompilerThread0" daemon [_thread_blocked, id=4216, stack(0x0000003935b00000,0x0000003935c00000)]
  0x000001a26291c000 JavaThread "Attach Listener" daemon [_thread_blocked, id=6096, stack(0x0000003935a00000,0x0000003935b00000)]
  0x000001a26291b000 JavaThread "Signal Dispatcher" daemon [_thread_blocked, id=8244, stack(0x0000003935900000,0x0000003935a00000)]
  0x000001a2628bf000 JavaThread "Finalizer" daemon [_thread_blocked, id=3528, stack(0x0000003935800000,0x0000003935900000)]
  0x000001a2628b4000 JavaThread "Reference Handler" daemon [_thread_blocked, id=8920, stack(0x0000003935700000,0x0000003935800000)]
  0x000001a2423b1800 JavaThread "main" [_thread_in_native, id=12208, stack(0x0000003934100000,0x0000003934200000)]

Other Threads:
=>0x000001a262889800 VMThread "VM Thread" [stack: 0x0000003935600000,0x0000003935700000] [id=13876]
  0x000001a262cd2800 WatcherThread [stack: 0x0000003936500000,0x0000003936600000] [id=12064]
  0x000001a2423c8800 GCTaskThread "GC Thread#0" [stack: 0x0000003934200000,0x0000003934300000] [id=13676]
  0x000001a2423ca000 GCTaskThread "GC Thread#1" [stack: 0x0000003934300000,0x0000003934400000] [id=2420]
  0x000001a2423cd800 GCTaskThread "GC Thread#2" [stack: 0x0000003934400000,0x0000003934500000] [id=7924]
  0x000001a2423cf800 GCTaskThread "GC Thread#3" [stack: 0x0000003934500000,0x0000003934600000] [id=236]
  0x000001a2423df000 GCTaskThread "GC Thread#4" [stack: 0x0000003934600000,0x0000003934700000] [id=1256]
  0x000001a2423e4000 GCTaskThread "GC Thread#5" [stack: 0x0000003934700000,0x0000003934800000] [id=8436]
  0x000001a2423e5800 GCTaskThread "GC Thread#6" [stack: 0x0000003934800000,0x0000003934900000] [id=14152]
  0x000001a2423e7000 GCTaskThread "GC Thread#7" [stack: 0x0000003934900000,0x0000003934a00000] [id=16968]
  0x000001a242437000 ConcurrentGCThread "G1 Main Marker" [stack: 0x0000003935300000,0x0000003935400000] [id=10788]
  0x000001a242437800 ConcurrentGCThread "G1 Marker#0" [stack: 0x0000003935400000,0x0000003935500000] [id=17260]
  0x000001a242438000 ConcurrentGCThread "G1 Marker#1" [stack: 0x0000003935500000,0x0000003935600000] [id=2456]
  0x000001a2423f8800 ConcurrentGCThread "G1 Refine#0" [stack: 0x0000003935100000,0x0000003935200000] [id=4932]
  0x000001a2423f8000 ConcurrentGCThread "G1 Refine#1" [stack: 0x0000003935000000,0x0000003935100000] [id=5752]
  0x000001a2423f6800 ConcurrentGCThread "G1 Refine#2" [stack: 0x0000003934f00000,0x0000003935000000] [id=14144]
  0x000001a2423f4800 ConcurrentGCThread "G1 Refine#3" [stack: 0x0000003934e00000,0x0000003934f00000] [id=15636]
  0x000001a2423f2800 ConcurrentGCThread "G1 Refine#4" [stack: 0x0000003934d00000,0x0000003934e00000] [id=7416]
  0x000001a2423f1800 ConcurrentGCThread "G1 Refine#5" [stack: 0x0000003934c00000,0x0000003934d00000] [id=5640]
  0x000001a2423e9800 ConcurrentGCThread "G1 Refine#6" [stack: 0x0000003934b00000,0x0000003934c00000] [id=15272]
  0x000001a2423e9000 ConcurrentGCThread "G1 Refine#7" [stack: 0x0000003934a00000,0x0000003934b00000] [id=15656]
  0x000001a2423fb800 ConcurrentGCThread "G1 Young RemSet Sampling" [stack: 0x0000003935200000,0x0000003935300000] [id=9088]

Threads with active compile tasks:

VM state:at safepoint (normal execution)

VM Mutex/Monitor currently owned by a thread:  ([mutex/lock_event])
[0x000001a2423af670] Threads_lock - owner thread: 0x000001a262889800

Heap address: 0x0000000080c00000, size: 2036 MB, Compressed Oops mode: 32-bit
Narrow klass base: 0x0000000000000000, Narrow klass shift: 3
Compressed class space size: 1073741824 Address: 0x0000000100000000

Heap:
 garbage-first heap   total 131072K, used 3072K [0x0000000080c00000, 0x0000000080d00400, 0x0000000100000000)
  region size 1024K, 4 young (4096K), 0 survivors (0K)
 Metaspace       used 5669K, capacity 5832K, committed 6016K, reserved 1056768K
  class space    used 546K, capacity 589K, committed 640K, reserved 1048576K
Heap Regions: E=young(eden), S=young(survivor), O=old, HS=humongous(starts), HC=humongous(continues), CS=collection set, F=free, A=archive, TS=gc time stamp, AC=allocation context, TAMS=top-at-mark-start (previous, next)
|   0|0x0000000080c00000, 0x0000000080c00000, 0x0000000080d00000|  0%| F|  |TS  0|AC  0|TAMS 0x0000000080c00000, 0x0000000080c00000|
|   1|0x0000000080d00000, 0x0000000080d00000, 0x0000000080e00000|  0%| F|  |TS  0|AC  0|TAMS 0x0000000080d00000, 0x0000000080d00000|
|   2|0x0000000080e00000, 0x0000000080e00000, 0x0000000080f00000|  0%| F|  |TS  0|AC  0|TAMS 0x0000000080e00000, 0x0000000080e00000|
|   3|0x0000000080f00000, 0x0000000080f00000, 0x0000000081000000|  0%| F|  |TS  0|AC  0|TAMS 0x0000000080f00000, 0x0000000080f00000|
|   4|0x0000000081000000, 0x0000000081000000, 0x0000000081100000|  0%| F|  |TS  0|AC  0|TAMS 0x0000000081000000, 0x0000000081000000|
|   5|0x0000000081100000, 0x0000000081100000, 0x0000000081200000|  0%| F|  |TS  0|AC  0|TAMS 0x0000000081100000, 0x0000000081100000|
|   6|0x0000000081200000, 0x0000000081200000, 0x0000000081300000|  0%| F|  |TS  0|AC  0|TAMS 0x0000000081200000, 0x0000000081200000|
|   7|0x0000000081300000, 0x0000000081300000, 0x0000000081400000|  0%| F|  |TS  0|AC  0|TAMS 0x0000000081300000, 0x0000000081300000|
|   8|0x0000000081400000, 0x0000000081400000, 0x0000000081500000|  0%| F|  |TS  0|AC  0|TAMS 0x0000000081400000, 0x0000000081400000|
|   9|0x0000000081500000, 0x0000000081500000, 0x0000000081600000|  0%| F|  |TS  0|AC  0|TAMS 0x0000000081500000, 0x0000000081500000|
|  10|0x0000000081600000, 0x0000000081600000, 0x0000000081700000|  0%| F|  |TS  0|AC  0|TAMS 0x0000000081600000, 0x0000000081600000|
|  11|0x0000000081700000, 0x0000000081700000, 0x0000000081800000|  0%| F|  |TS  0|AC  0|TAMS 0x0000000081700000, 0x0000000081700000|
|  12|0x0000000081800000, 0x0000000081800000, 0x0000000081900000|  0%| F|  |TS  0|AC  0|TAMS 0x0000000081800000, 0x0000000081800000|
|  13|0x0000000081900000, 0x0000000081900000, 0x0000000081a00000|  0%| F|  |TS  0|AC  0|TAMS 0x0000000081900000, 0x0000000081900000|
|  14|0x0000000081a00000, 0x0000000081a00000, 0x0000000081b00000|  0%| F|  |TS  0|AC  0|TAMS 0x0000000081a00000, 0x0000000081a00000|
|  15|0x0000000081b00000, 0x0000000081b00000, 0x0000000081c00000|  0%| F|  |TS  0|AC  0|TAMS 0x0000000081b00000, 0x0000000081b00000|
|  16|0x0000000081c00000, 0x0000000081c00000, 0x0000000081d00000|  0%| F|  |TS  0|AC  0|TAMS 0x0000000081c00000, 0x0000000081c00000|
|  17|0x0000000081d00000, 0x0000000081d00000, 0x0000000081e00000|  0%| F|  |TS  0|AC  0|TAMS 0x0000000081d00000, 0x0000000081d00000|
|  18|0x0000000081e00000, 0x0000000081e00000, 0x0000000081f00000|  0%| F|  |TS  0|AC  0|TAMS 0x0000000081e00000, 0x0000000081e00000|
|  19|0x0000000081f00000, 0x0000000081f00000, 0x0000000082000000|  0%| F|  |TS  0|AC  0|TAMS 0x0000000081f00000, 0x0000000081f00000|
|  20|0x0000000082000000, 0x0000000082000000, 0x0000000082100000|  0%| F|  |TS  0|AC  0|TAMS 0x0000000082000000, 0x0000000082000000|
|  21|0x0000000082100000, 0x0000000082100000, 0x0000000082200000|  0%| F|  |TS  0|AC  0|TAMS 0x0000000082100000, 0x0000000082100000|
|  22|0x0000000082200000, 0x0000000082200000, 0x0000000082300000|  0%| F|  |TS  0|AC  0|TAMS 0x0000000082200000, 0x0000000082200000|
|  23|0x0000000082300000, 0x0000000082300000, 0x0000000082400000|  0%| F|  |TS  0|AC  0|TAMS 0x0000000082300000, 0x0000000082300000|
|  24|0x0000000082400000, 0x0000000082400000, 0x0000000082500000|  0%| F|  |TS  0|AC  0|TAMS 0x0000000082400000, 0x0000000082400000|
|  25|0x0000000082500000, 0x0000000082500000, 0x0000000082600000|  0%| F|  |TS  0|AC  0|TAMS 0x0000000082500000, 0x0000000082500000|
|  26|0x0000000082600000, 0x0000000082600000, 0x0000000082700000|  0%| F|  |TS  0|AC  0|TAMS 0x0000000082600000, 0x0000000082600000|
|  27|0x0000000082700000, 0x0000000082700000, 0x0000000082800000|  0%| F|  |TS  0|AC  0|TAMS 0x0000000082700000, 0x0000000082700000|
|  28|0x0000000082800000, 0x0000000082800000, 0x0000000082900000|  0%| F|  |TS  0|AC  0|TAMS 0x0000000082800000, 0x0000000082800000|
|  29|0x0000000082900000, 0x0000000082900000, 0x0000000082a00000|  0%| F|  |TS  0|AC  0|TAMS 0x0000000082900000, 0x0000000082900000|
|  30|0x0000000082a00000, 0x0000000082a00000, 0x0000000082b00000|  0%| F|  |TS  0|AC  0|TAMS 0x0000000082a00000, 0x0000000082a00000|
|  31|0x0000000082b00000, 0x0000000082b00000, 0x0000000082c00000|  0%| F|  |TS  0|AC  0|TAMS 0x0000000082b00000, 0x0000000082b00000|
|  32|0x0000000082c00000, 0x0000000082c00000, 0x0000000082d00000|  0%| F|  |TS  0|AC  0|TAMS 0x0000000082c00000, 0x0000000082c00000|
|  33|0x0000000082d00000, 0x0000000082d00000, 0x0000000082e00000|  0%| F|  |TS  0|AC  0|TAMS 0x0000000082d00000, 0x0000000082d00000|
|  34|0x0000000082e00000, 0x0000000082e00000, 0x0000000082f00000|  0%| F|  |TS  0|AC  0|TAMS 0x0000000082e00000, 0x0000000082e00000|
|  35|0x0000000082f00000, 0x0000000082f00000, 0x0000000083000000|  0%| F|  |TS  0|AC  0|TAMS 0x0000000082f00000, 0x0000000082f00000|
|  36|0x0000000083000000, 0x0000000083000000, 0x0000000083100000|  0%| F|  |TS  0|AC  0|TAMS 0x0000000083000000, 0x0000000083000000|
|  37|0x0000000083100000, 0x0000000083100000, 0x0000000083200000|  0%| F|  |TS  0|AC  0|TAMS 0x0000000083100000, 0x0000000083100000|
|  38|0x0000000083200000, 0x0000000083200000, 0x0000000083300000|  0%| F|  |TS  0|AC  0|TAMS 0x0000000083200000, 0x0000000083200000|
|  39|0x0000000083300000, 0x0000000083300000, 0x0000000083400000|  0%| F|  |TS  0|AC  0|TAMS 0x0000000083300000, 0x0000000083300000|
|  40|0x0000000083400000, 0x0000000083400000, 0x0000000083500000|  0%| F|  |TS  0|AC  0|TAMS 0x0000000083400000, 0x0000000083400000|
|  41|0x0000000083500000, 0x0000000083500000, 0x0000000083600000|  0%| F|  |TS  0|AC  0|TAMS 0x0000000083500000, 0x0000000083500000|
|  42|0x0000000083600000, 0x0000000083600000, 0x0000000083700000|  0%| F|  |TS  0|AC  0|TAMS 0x0000000083600000, 0x0000000083600000|
|  43|0x0000000083700000, 0x0000000083700000, 0x0000000083800000|  0%| F|  |TS  0|AC  0|TAMS 0x0000000083700000, 0x0000000083700000|
|  44|0x0000000083800000, 0x0000000083800000, 0x0000000083900000|  0%| F|  |TS  0|AC  0|TAMS 0x0000000083800000, 0x0000000083800000|
|  45|0x0000000083900000, 0x0000000083900000, 0x0000000083a00000|  0%| F|  |TS  0|AC  0|TAMS 0x0000000083900000, 0x0000000083900000|
|  46|0x0000000083a00000, 0x0000000083a00000, 0x0000000083b00000|  0%| F|  |TS  0|AC  0|TAMS 0x0000000083a00000, 0x0000000083a00000|
|  47|0x0000000083b00000, 0x0000000083b00000, 0x0000000083c00000|  0%| F|  |TS  0|AC  0|TAMS 0x0000000083b00000, 0x0000000083b00000|
|  48|0x0000000083c00000, 0x0000000083c00000, 0x0000000083d00000|  0%| F|  |TS  0|AC  0|TAMS 0x0000000083c00000, 0x0000000083c00000|
|  49|0x0000000083d00000, 0x0000000083d00000, 0x0000000083e00000|  0%| F|  |TS  0|AC  0|TAMS 0x0000000083d00000, 0x0000000083d00000|
|  50|0x0000000083e00000, 0x0000000083e00000, 0x0000000083f00000|  0%| F|  |TS  0|AC  0|TAMS 0x0000000083e00000, 0x0000000083e00000|
|  51|0x0000000083f00000, 0x0000000083f00000, 0x0000000084000000|  0%| F|  |TS  0|AC  0|TAMS 0x0000000083f00000, 0x0000000083f00000|
|  52|0x0000000084000000, 0x0000000084000000, 0x0000000084100000|  0%| F|  |TS  0|AC  0|TAMS 0x0000000084000000, 0x0000000084000000|
|  53|0x0000000084100000, 0x0000000084100000, 0x0000000084200000|  0%| F|  |TS  0|AC  0|TAMS 0x0000000084100000, 0x0000000084100000|
|  54|0x0000000084200000, 0x0000000084200000, 0x0000000084300000|  0%| F|  |TS  0|AC  0|TAMS 0x0000000084200000, 0x0000000084200000|
|  55|0x0000000084300000, 0x0000000084300000, 0x0000000084400000|  0%| F|  |TS  0|AC  0|TAMS 0x0000000084300000, 0x0000000084300000|
|  56|0x0000000084400000, 0x0000000084400000, 0x0000000084500000|  0%| F|  |TS  0|AC  0|TAMS 0x0000000084400000, 0x0000000084400000|
|  57|0x0000000084500000, 0x0000000084500000, 0x0000000084600000|  0%| F|  |TS  0|AC  0|TAMS 0x0000000084500000, 0x0000000084500000|
|  58|0x0000000084600000, 0x0000000084600000, 0x0000000084700000|  0%| F|  |TS  0|AC  0|TAMS 0x0000000084600000, 0x0000000084600000|
|  59|0x0000000084700000, 0x0000000084700000, 0x0000000084800000|  0%| F|  |TS  0|AC  0|TAMS 0x0000000084700000, 0x0000000084700000|
|  60|0x0000000084800000, 0x0000000084800000, 0x0000000084900000|  0%| F|  |TS  0|AC  0|TAMS 0x0000000084800000, 0x0000000084800000|
|  61|0x0000000084900000, 0x0000000084900000, 0x0000000084a00000|  0%| F|  |TS  0|AC  0|TAMS 0x0000000084900000, 0x0000000084900000|
|  62|0x0000000084a00000, 0x0000000084a00000, 0x0000000084b00000|  0%| F|  |TS  0|AC  0|TAMS 0x0000000084a00000, 0x0000000084a00000|
|  63|0x0000000084b00000, 0x0000000084b00000, 0x0000000084c00000|  0%| F|  |TS  0|AC  0|TAMS 0x0000000084b00000, 0x0000000084b00000|
|  64|0x0000000084c00000, 0x0000000084c00000, 0x0000000084d00000|  0%| F|  |TS  0|AC  0|TAMS 0x0000000084c00000, 0x0000000084c00000|
|  65|0x0000000084d00000, 0x0000000084d00000, 0x0000000084e00000|  0%| F|  |TS  0|AC  0|TAMS 0x0000000084d00000, 0x0000000084d00000|
|  66|0x0000000084e00000, 0x0000000084e00000, 0x0000000084f00000|  0%| F|  |TS  0|AC  0|TAMS 0x0000000084e00000, 0x0000000084e00000|
|  67|0x0000000084f00000, 0x0000000084f00000, 0x0000000085000000|  0%| F|  |TS  0|AC  0|TAMS 0x0000000084f00000, 0x0000000084f00000|
|  68|0x0000000085000000, 0x0000000085000000, 0x0000000085100000|  0%| F|  |TS  0|AC  0|TAMS 0x0000000085000000, 0x0000000085000000|
|  69|0x0000000085100000, 0x0000000085100000, 0x0000000085200000|  0%| F|  |TS  0|AC  0|TAMS 0x0000000085100000, 0x0000000085100000|
|  70|0x0000000085200000, 0x0000000085200000, 0x0000000085300000|  0%| F|  |TS  0|AC  0|TAMS 0x0000000085200000, 0x0000000085200000|
|  71|0x0000000085300000, 0x0000000085300000, 0x0000000085400000|  0%| F|  |TS  0|AC  0|TAMS 0x0000000085300000, 0x0000000085300000|
|  72|0x0000000085400000, 0x0000000085400000, 0x0000000085500000|  0%| F|  |TS  0|AC  0|TAMS 0x0000000085400000, 0x0000000085400000|
|  73|0x0000000085500000, 0x0000000085500000, 0x0000000085600000|  0%| F|  |TS  0|AC  0|TAMS 0x0000000085500000, 0x0000000085500000|
|  74|0x0000000085600000, 0x0000000085600000, 0x0000000085700000|  0%| F|  |TS  0|AC  0|TAMS 0x0000000085600000, 0x0000000085600000|
|  75|0x0000000085700000, 0x0000000085700000, 0x0000000085800000|  0%| F|  |TS  0|AC  0|TAMS 0x0000000085700000, 0x0000000085700000|
|  76|0x0000000085800000, 0x0000000085800000, 0x0000000085900000|  0%| F|  |TS  0|AC  0|TAMS 0x0000000085800000, 0x0000000085800000|
|  77|0x0000000085900000, 0x0000000085900000, 0x0000000085a00000|  0%| F|  |TS  0|AC  0|TAMS 0x0000000085900000, 0x0000000085900000|
|  78|0x0000000085a00000, 0x0000000085a00000, 0x0000000085b00000|  0%| F|  |TS  0|AC  0|TAMS 0x0000000085a00000, 0x0000000085a00000|
|  79|0x0000000085b00000, 0x0000000085b00000, 0x0000000085c00000|  0%| F|  |TS  0|AC  0|TAMS 0x0000000085b00000, 0x0000000085b00000|
|  80|0x0000000085c00000, 0x0000000085c00000, 0x0000000085d00000|  0%| F|  |TS  0|AC  0|TAMS 0x0000000085c00000, 0x0000000085c00000|
|  81|0x0000000085d00000, 0x0000000085d00000, 0x0000000085e00000|  0%| F|  |TS  0|AC  0|TAMS 0x0000000085d00000, 0x0000000085d00000|
|  82|0x0000000085e00000, 0x0000000085e00000, 0x0000000085f00000|  0%| F|  |TS  0|AC  0|TAMS 0x0000000085e00000, 0x0000000085e00000|
|  83|0x0000000085f00000, 0x0000000085f00000, 0x0000000086000000|  0%| F|  |TS  0|AC  0|TAMS 0x0000000085f00000, 0x0000000085f00000|
|  84|0x0000000086000000, 0x0000000086000000, 0x0000000086100000|  0%| F|  |TS  0|AC  0|TAMS 0x0000000086000000, 0x0000000086000000|
|  85|0x0000000086100000, 0x0000000086100000, 0x0000000086200000|  0%| F|  |TS  0|AC  0|TAMS 0x0000000086100000, 0x0000000086100000|
|  86|0x0000000086200000, 0x0000000086200000, 0x0000000086300000|  0%| F|  |TS  0|AC  0|TAMS 0x0000000086200000, 0x0000000086200000|
|  87|0x0000000086300000, 0x0000000086300000, 0x0000000086400000|  0%| F|  |TS  0|AC  0|TAMS 0x0000000086300000, 0x0000000086300000|
|  88|0x0000000086400000, 0x0000000086400000, 0x0000000086500000|  0%| F|  |TS  0|AC  0|TAMS 0x0000000086400000, 0x0000000086400000|
|  89|0x0000000086500000, 0x0000000086500000, 0x0000000086600000|  0%| F|  |TS  0|AC  0|TAMS 0x0000000086500000, 0x0000000086500000|
|  90|0x0000000086600000, 0x0000000086600000, 0x0000000086700000|  0%| F|  |TS  0|AC  0|TAMS 0x0000000086600000, 0x0000000086600000|
|  91|0x0000000086700000, 0x0000000086700000, 0x0000000086800000|  0%| F|  |TS  0|AC  0|TAMS 0x0000000086700000, 0x0000000086700000|
|  92|0x0000000086800000, 0x0000000086800000, 0x0000000086900000|  0%| F|  |TS  0|AC  0|TAMS 0x0000000086800000, 0x0000000086800000|
|  93|0x0000000086900000, 0x0000000086900000, 0x0000000086a00000|  0%| F|  |TS  0|AC  0|TAMS 0x0000000086900000, 0x0000000086900000|
|  94|0x0000000086a00000, 0x0000000086a00000, 0x0000000086b00000|  0%| F|  |TS  0|AC  0|TAMS 0x0000000086a00000, 0x0000000086a00000|
|  95|0x0000000086b00000, 0x0000000086b00000, 0x0000000086c00000|  0%| F|  |TS  0|AC  0|TAMS 0x0000000086b00000, 0x0000000086b00000|
|  96|0x0000000086c00000, 0x0000000086c00000, 0x0000000086d00000|  0%| F|  |TS  0|AC  0|TAMS 0x0000000086c00000, 0x0000000086c00000|
|  97|0x0000000086d00000, 0x0000000086d00000, 0x0000000086e00000|  0%| F|  |TS  0|AC  0|TAMS 0x0000000086d00000, 0x0000000086d00000|
|  98|0x0000000086e00000, 0x0000000086e00000, 0x0000000086f00000|  0%| F|  |TS  0|AC  0|TAMS 0x0000000086e00000, 0x0000000086e00000|
|  99|0x0000000086f00000, 0x0000000086f00000, 0x0000000087000000|  0%| F|  |TS  0|AC  0|TAMS 0x0000000086f00000, 0x0000000086f00000|
| 100|0x0000000087000000, 0x0000000087000000, 0x0000000087100000|  0%| F|  |TS  0|AC  0|TAMS 0x0000000087000000, 0x0000000087000000|
| 101|0x0000000087100000, 0x0000000087100000, 0x0000000087200000|  0%| F|  |TS  0|AC  0|TAMS 0x0000000087100000, 0x0000000087100000|
| 102|0x0000000087200000, 0x0000000087200000, 0x0000000087300000|  0%| F|  |TS  0|AC  0|TAMS 0x0000000087200000, 0x0000000087200000|
| 103|0x0000000087300000, 0x0000000087300000, 0x0000000087400000|  0%| F|  |TS  0|AC  0|TAMS 0x0000000087300000, 0x0000000087300000|
| 104|0x0000000087400000, 0x0000000087400000, 0x0000000087500000|  0%| F|  |TS  0|AC  0|TAMS 0x0000000087400000, 0x0000000087400000|
| 105|0x0000000087500000, 0x0000000087500000, 0x0000000087600000|  0%| F|  |TS  0|AC  0|TAMS 0x0000000087500000, 0x0000000087500000|
| 106|0x0000000087600000, 0x0000000087600000, 0x0000000087700000|  0%| F|  |TS  0|AC  0|TAMS 0x0000000087600000, 0x0000000087600000|
| 107|0x0000000087700000, 0x0000000087700000, 0x0000000087800000|  0%| F|  |TS  0|AC  0|TAMS 0x0000000087700000, 0x0000000087700000|
| 108|0x0000000087800000, 0x0000000087800000, 0x0000000087900000|  0%| F|  |TS  0|AC  0|TAMS 0x0000000087800000, 0x0000000087800000|
| 109|0x0000000087900000, 0x0000000087900000, 0x0000000087a00000|  0%| F|  |TS  0|AC  0|TAMS 0x0000000087900000, 0x0000000087900000|
| 110|0x0000000087a00000, 0x0000000087a00000, 0x0000000087b00000|  0%| F|  |TS  0|AC  0|TAMS 0x0000000087a00000, 0x0000000087a00000|
| 111|0x0000000087b00000, 0x0000000087b00000, 0x0000000087c00000|  0%| F|  |TS  0|AC  0|TAMS 0x0000000087b00000, 0x0000000087b00000|
| 112|0x0000000087c00000, 0x0000000087c00000, 0x0000000087d00000|  0%| F|  |TS  0|AC  0|TAMS 0x0000000087c00000, 0x0000000087c00000|
| 113|0x0000000087d00000, 0x0000000087d00000, 0x0000000087e00000|  0%| F|  |TS  0|AC  0|TAMS 0x0000000087d00000, 0x0000000087d00000|
| 114|0x0000000087e00000, 0x0000000087e00000, 0x0000000087f00000|  0%| F|  |TS  0|AC  0|TAMS 0x0000000087e00000, 0x0000000087e00000|
| 115|0x0000000087f00000, 0x0000000087f00000, 0x0000000088000000|  0%| F|  |TS  0|AC  0|TAMS 0x0000000087f00000, 0x0000000087f00000|
| 116|0x0000000088000000, 0x0000000088000000, 0x0000000088100000|  0%| F|  |TS  0|AC  0|TAMS 0x0000000088000000, 0x0000000088000000|
| 117|0x0000000088100000, 0x0000000088100000, 0x0000000088200000|  0%| F|  |TS  0|AC  0|TAMS 0x0000000088100000, 0x0000000088100000|
| 118|0x0000000088200000, 0x0000000088200000, 0x0000000088300000|  0%| F|  |TS  0|AC  0|TAMS 0x0000000088200000, 0x0000000088200000|
| 119|0x0000000088300000, 0x0000000088300000, 0x0000000088400000|  0%| F|  |TS  0|AC  0|TAMS 0x0000000088300000, 0x0000000088300000|
| 120|0x0000000088400000, 0x0000000088400000, 0x0000000088500000|  0%| F|  |TS  0|AC  0|TAMS 0x0000000088400000, 0x0000000088400000|
| 121|0x0000000088500000, 0x0000000088500000, 0x0000000088600000|  0%| F|  |TS  0|AC  0|TAMS 0x0000000088500000, 0x0000000088500000|
| 122|0x0000000088600000, 0x0000000088600000, 0x0000000088700000|  0%| F|  |TS  0|AC  0|TAMS 0x0000000088600000, 0x0000000088600000|
| 123|0x0000000088700000, 0x0000000088700000, 0x0000000088800000|  0%| F|  |TS  0|AC  0|TAMS 0x0000000088700000, 0x0000000088700000|
| 124|0x0000000088800000, 0x000000008887b658, 0x0000000088900000| 48%| E|  |TS  0|AC  0|TAMS 0x0000000088800000, 0x0000000088800000|
| 125|0x0000000088900000, 0x0000000088a00000, 0x0000000088a00000|100%| E|CS|TS  0|AC  0|TAMS 0x0000000088900000, 0x0000000088900000|
| 126|0x0000000088a00000, 0x0000000088b00000, 0x0000000088b00000|100%| E|CS|TS  0|AC  0|TAMS 0x0000000088a00000, 0x0000000088a00000|
| 127|0x0000000088b00000, 0x0000000088c00000, 0x0000000088c00000|100%| E|CS|TS  0|AC  0|TAMS 0x0000000088b00000, 0x0000000088b00000|

Card table byte_map: [0x000001a25ae90000,0x000001a25b290000] byte_map_base: 0x000001a25aa8a000

Marking Bits (Prev, Next): (CMBitMap*) 0x000001a242436450, (CMBitMap*) 0x000001a242436488
 Prev Bits: [0x000001a25b690000, 0x000001a25d660000)
 Next Bits: [0x000001a25d660000, 0x000001a25f630000)

Polling page: 0x000001a242340000

CodeHeap 'non-profiled nmethods': size=120000Kb used=72Kb max_used=72Kb free=119927Kb
 bounds [0x000001a2526f0000, 0x000001a252960000, 0x000001a259c20000]
CodeHeap 'profiled nmethods': size=120000Kb used=334Kb max_used=334Kb free=119665Kb
 bounds [0x000001a24b1c0000, 0x000001a24b430000, 0x000001a2526f0000]
CodeHeap 'non-nmethods': size=5760Kb used=1183Kb max_used=1195Kb free=4576Kb
 bounds [0x000001a24ac20000, 0x000001a24ae90000, 0x000001a24b1c0000]
 total_blobs=637 nmethods=253 adapters=233
 compilation: enabled

Compilation events (10 events):
Event: 1.866 Thread 0x000001a262935800  251       3       java.io.BufferedWriter::ensureOpen (18 bytes)
Event: 1.866 Thread 0x000001a262935800 nmethod 251 0x000001a24b212910 code [0x000001a24b212ae0, 0x000001a24b212d10]
Event: 1.866 Thread 0x000001a262935800  252       3       java.io.PrintStream::ensureOpen (18 bytes)
Event: 1.867 Thread 0x000001a262935800 nmethod 252 0x000001a24b212e10 code [0x000001a24b212fe0, 0x000001a24b213210]
Event: 1.867 Thread 0x000001a262935800  246       3       java.nio.CharBuffer::position (6 bytes)
Event: 1.867 Thread 0x000001a262935800 nmethod 246 0x000001a24b213310 code [0x000001a24b2134c0, 0x000001a24b213750]
Event: 1.867 Thread 0x000001a262935800  248       1       java.io.FileDescriptor::access$100 (5 bytes)
Event: 1.867 Thread 0x000001a262935800 nmethod 248 0x000001a252701d10 code [0x000001a252701ec0, 0x000001a252701fb8]
Event: 8.028 Thread 0x000001a262935800  253       3       java.nio.Buffer::remaining (10 bytes)
Event: 8.028 Thread 0x000001a262935800 nmethod 253 0x000001a24b213810 code [0x000001a24b2139c0, 0x000001a24b213b18]

GC Heap History (0 events):
No events

Deoptimization events (1 events):
Event: 0.302 Thread 0x000001a2423b1800 Uncommon trap: reason=unstable_if action=reinterpret pc=0x000001a2526fcbfc method=java.lang.String.charAt(I)C @ 4 c2

Classes redefined (5 events):
Event: 123.612 Thread 0x000001a262889800 redefined class name=chess.ChessBoard, count=1
Event: 177.720 Thread 0x000001a262889800 redefined class name=chess.ChessBoard, count=2
Event: 269.352 Thread 0x000001a262889800 redefined class name=chess.ChessBoard, count=3
Event: 277.132 Thread 0x000001a262889800 redefined class name=chess.ChessBoard, count=4
Event: 339.865 Thread 0x000001a262889800 redefined class name=chess.ChessBoard, count=5

Internal exceptions (3 events):
Event: 0.280 Thread 0x000001a2423b1800 Exception <a 'java/lang/NoSuchMethodError'{0x0000000088966db0}: java.lang.Object.lambda$negate$3(I)Z> (0x0000000088966db0) thrown at [t:/workspace/hotspot/src/share/vm/interpreter/linkResolver.cpp, line 731]
Event: 0.285 Thread 0x000001a2423b1800 Exception <a 'java/lang/NoSuchMethodError'{0x000000008896a208}: java.lang.Object.lambda$and$0(Ljava/util/regex/Pattern$CharPredicate;I)Z> (0x000000008896a208) thrown at [t:/workspace/hotspot/src/share/vm/interpreter/linkResolver.cpp, line 731]
Event: 0.306 Thread 0x000001a2423b1800 Exception <a 'java/lang/NoSuchMethodError'{0x000000008883de40}: java.lang.Object.lambda$union$2(Ljava/util/regex/Pattern$CharPredicate;I)Z> (0x000000008883de40) thrown at [t:/workspace/hotspot/src/share/vm/interpreter/linkResolver.cpp, line 731]

Events (10 events):
Event: 277.171 Executing VM operation: ChangeBreakpoints done
Event: 339.864 Executing VM operation: RedefineClasses
Event: 339.866 Executing VM operation: RedefineClasses done
Event: 339.876 Executing VM operation: ChangeBreakpoints
Event: 339.876 Executing VM operation: ChangeBreakpoints done
Event: 339.883 Executing VM operation: ChangeBreakpoints
Event: 339.883 Executing VM operation: ChangeBreakpoints done
Event: 339.889 Executing VM operation: ChangeBreakpoints
Event: 339.889 Executing VM operation: ChangeBreakpoints done
Event: 339.894 Executing VM operation: ChangeBreakpoints


Dynamic libraries:
0x00007ff7977a0000 - 0x00007ff7977de000 	D:\Program Files\Java\jre-9.0.1\bin\javaw.exe
0x00007ff8d8fc0000 - 0x00007ff8d91a1000 	C:\WINDOWS\SYSTEM32\ntdll.dll
0x00007ff8d74f0000 - 0x00007ff8d75a2000 	C:\WINDOWS\System32\KERNEL32.DLL
0x00007ff8d61a0000 - 0x00007ff8d6413000 	C:\WINDOWS\System32\KERNELBASE.dll
0x00007ff8d7440000 - 0x00007ff8d74e1000 	C:\WINDOWS\System32\ADVAPI32.dll
0x00007ff8d7060000 - 0x00007ff8d70fe000 	C:\WINDOWS\System32\msvcrt.dll
0x00007ff8d7000000 - 0x00007ff8d705b000 	C:\WINDOWS\System32\sechost.dll
0x00007ff8d7210000 - 0x00007ff8d7334000 	C:\WINDOWS\System32\RPCRT4.dll
0x00007ff8d66c0000 - 0x00007ff8d6850000 	C:\WINDOWS\System32\USER32.dll
0x00007ff8d5fe0000 - 0x00007ff8d6000000 	C:\WINDOWS\System32\win32u.dll
0x00007ff8d64f0000 - 0x00007ff8d6518000 	C:\WINDOWS\System32\GDI32.dll
0x00007ff8d5460000 - 0x00007ff8d55f2000 	C:\WINDOWS\System32\gdi32full.dll
0x00007ff8d6100000 - 0x00007ff8d619f000 	C:\WINDOWS\System32\msvcp_win.dll
0x00007ff8d5360000 - 0x00007ff8d545a000 	C:\WINDOWS\System32\ucrtbase.dll
0x00007ff8c8070000 - 0x00007ff8c82d9000 	C:\WINDOWS\WinSxS\amd64_microsoft.windows.common-controls_6595b64144ccf1df_6.0.17134.407_none_fb449d63306391e9\COMCTL32.dll
0x00007ff8d8c20000 - 0x00007ff8d8f42000 	C:\WINDOWS\System32\combase.dll
0x00007ff8c9960000 - 0x00007ff8c996a000 	C:\WINDOWS\SYSTEM32\VERSION.dll
0x00007ff8d5f60000 - 0x00007ff8d5fda000 	C:\WINDOWS\System32\bcryptPrimitives.dll
0x00007ff8d7710000 - 0x00007ff8d773d000 	C:\WINDOWS\System32\IMM32.DLL
0x00007ff8cc930000 - 0x00007ff8cca1f000 	D:\Program Files\Java\jre-9.0.1\bin\msvcr120.dll
0x00007ff8ca030000 - 0x00007ff8ca0d6000 	D:\Program Files\Java\jre-9.0.1\bin\msvcp120.dll
0x0000000060820000 - 0x0000000061244000 	D:\Program Files\Java\jre-9.0.1\bin\server\jvm.dll
0x00007ff8d6a20000 - 0x00007ff8d6a28000 	C:\WINDOWS\System32\PSAPI.DLL
0x00007ff8c73c0000 - 0x00007ff8c73c9000 	C:\WINDOWS\SYSTEM32\WSOCK32.dll
0x00007ff8cb8f0000 - 0x00007ff8cb913000 	C:\WINDOWS\SYSTEM32\WINMM.dll
0x00007ff8d76a0000 - 0x00007ff8d770c000 	C:\WINDOWS\System32\WS2_32.dll
0x00007ff8cb8c0000 - 0x00007ff8cb8ea000 	C:\WINDOWS\SYSTEM32\WINMMBASE.dll
0x00007ff8d6000000 - 0x00007ff8d6049000 	C:\WINDOWS\System32\cfgmgr32.dll
0x00007ff8d36e0000 - 0x00007ff8d36ef000 	D:\Program Files\Java\jre-9.0.1\bin\verify.dll
0x00007ff8d19f0000 - 0x00007ff8d1a17000 	D:\Program Files\Java\jre-9.0.1\bin\java.dll
0x00007ff8cdf90000 - 0x00007ff8cdfc6000 	D:\Program Files\Java\jre-9.0.1\bin\jdwp.dll
0x00007ff8d36c0000 - 0x00007ff8d36d6000 	D:\Program Files\Java\jre-9.0.1\bin\zip.dll
0x00007ff8d1af0000 - 0x00007ff8d1afa000 	D:\Program Files\Java\jre-9.0.1\bin\jimage.dll
0x00007ff8d7740000 - 0x00007ff8d8b7f000 	C:\WINDOWS\System32\SHELL32.dll
0x00007ff8d7100000 - 0x00007ff8d71a9000 	C:\WINDOWS\System32\shcore.dll
0x00007ff8d5850000 - 0x00007ff8d5f5d000 	C:\WINDOWS\System32\windows.storage.dll
0x00007ff8d7340000 - 0x00007ff8d7391000 	C:\WINDOWS\System32\shlwapi.dll
0x00007ff8d5340000 - 0x00007ff8d5351000 	C:\WINDOWS\System32\kernel.appcore.dll
0x00007ff8d5320000 - 0x00007ff8d533f000 	C:\WINDOWS\System32\profapi.dll
0x00007ff8d52d0000 - 0x00007ff8d531c000 	C:\WINDOWS\System32\powrprof.dll
0x00007ff8d52c0000 - 0x00007ff8d52ca000 	C:\WINDOWS\System32\FLTLIB.DLL
0x00007ff8d1260000 - 0x00007ff8d127a000 	D:\Program Files\Java\jre-9.0.1\bin\net.dll
0x00007ff8d2a90000 - 0x00007ff8d2b6c000 	C:\WINDOWS\SYSTEM32\WINHTTP.dll
0x00007ff8d4ac0000 - 0x00007ff8d4b26000 	C:\WINDOWS\system32\mswsock.dll
0x00007ff8d05e0000 - 0x00007ff8d05f1000 	D:\Program Files\Java\jre-9.0.1\bin\nio.dll
0x00007ff8cdf80000 - 0x00007ff8cdf8a000 	D:\Program Files\Java\jre-9.0.1\bin\dt_socket.dll
0x00007ff8d4880000 - 0x00007ff8d493e000 	C:\WINDOWS\SYSTEM32\DNSAPI.dll
0x00007ff8d68b0000 - 0x00007ff8d68b8000 	C:\WINDOWS\System32\NSI.dll
0x00007ff8d4840000 - 0x00007ff8d4878000 	C:\WINDOWS\SYSTEM32\IPHLPAPI.DLL
0x00007ff8ce230000 - 0x00007ff8ce2a2000 	C:\WINDOWS\System32\fwpuclnt.dll
0x00007ff8d4e00000 - 0x00007ff8d4e25000 	C:\WINDOWS\SYSTEM32\bcrypt.dll
0x00007ff8ce340000 - 0x00007ff8ce34a000 	C:\Windows\System32\rasadhlp.dll
0x00007ff8cf4b0000 - 0x00007ff8cf679000 	C:\WINDOWS\SYSTEM32\dbghelp.dll

VM Arguments:
jvm_args: -agentlib:jdwp=transport=dt_socket,suspend=y,address=localhost:61226 -Dfile.encoding=UTF-8 
java_command: chess.ChessBoard
java_class_path (initial): D:\workspace\Chess\SelfStudyChess4\bin
Launcher Type: SUN_STANDARD

Logging:
Log output configuration:
#0: stdout all=warning uptime,level,tags
#1: stderr all=off uptime,level,tags

Environment Variables:
JAVA_HOME=D:\Program Files\Java\jdk-9.0.1
PATH=D:\app\osj45\product\11.2.0\dbhome_1\bin;C:\ProgramData\Oracle\Java\javapath;C:\Program Files (x86)\Intel\iCLS Client\;C:\Program Files\Intel\iCLS Client\;C:\Windows\system32;C:\Windows;C:\Windows\System32\Wbem;C:\Windows\System32\WindowsPowerShell\v1.0\;C:\Program Files (x86)\NVIDIA Corporation\PhysX\Common;C:\Program Files (x86)\Intel\Intel(R) Management Engine Components\DAL;C:\Program Files\Intel\Intel(R) Management Engine Components\DAL;C:\Program Files (x86)\Intel\Intel(R) Management Engine Components\IPT;C:\Program Files\Intel\Intel(R) Management Engine Components\IPT;C:\Program Files\Intel\WiFi\bin\;C:\Program Files\Common Files\Intel\WirelessCommon\;C:\WINDOWS\system32;C:\WINDOWS;C:\WINDOWS\System32\Wbem;C:\WINDOWS\System32\WindowsPowerShell\v1.0\;D:\Program Files\Java\jdk-9.0.1\bin;D:\Program Files\Git\cmd;C:\WINDOWS\System32\OpenSSH\;C:\Users\osj45\Anaconda3;C:\Users\osj45\Anaconda3\Library\mingw-w64\bin;C:\Users\osj45\Anaconda3\Library\usr\bin;C:\Users\osj45\Anaconda3\Library\bin;C:\Users\osj45\Anaconda3\Scripts;C:\Users\osj45\AppData\Local\Programs\Python\Python37-32\Scripts\;C:\Users\osj45\AppData\Local\Programs\Python\Python37-32\;C:\Users\osj45\AppData\Local\Microsoft\WindowsApps;C:\Program Files\Bandizip\
USERNAME=osj45
OS=Windows_NT
PROCESSOR_IDENTIFIER=Intel64 Family 6 Model 94 Stepping 3, GenuineIntel



---------------  S Y S T E M  ---------------

OS: Windows 10 , 64 bit Build 17134 (10.0.17134.1)

CPU:total 8 (initial active 8) (4 cores per cpu, 2 threads per core) family 6 model 94 stepping 3, cmov, cx8, fxsr, mmx, sse, sse2, sse3, ssse3, sse4.1, sse4.2, popcnt, avx, avx2, aes, clmul, erms, rtm, 3dnowpref, lzcnt, ht, tsc, tscinvbit, bmi1, bmi2, adx, fma

Memory: 4k page, physical 8336140k(4332328k free), swap 12268300k(5616704k free)

vm_info: Java HotSpot(TM) 64-Bit Server VM (9.0.1+11) for windows-amd64 JRE (9.0.1+11), built on Sep 28 2017 04:54:03 by "mach5one" with MS VC++ 12.0 (VS2013)

END.
